Unity Editor version:    6000.3.8f1 (1c7db571dde0)
Branch:                  6000.3/staging
Build type:              Release
Batch mode:              YES
macOS version:           Version 26.4.1 (Build 25E253)
Darwin version:          25.4.0
Architecture:            arm64
Running under Rosetta:   NO
Available memory:        16384 MB
Date:                    2026-06-07T21:35:51Z
[Licensing::Module] Trying to connect to existing licensing client channel...
[Licensing::IpcConnector] Successfully connected to: "LicenseClient-muhammadmomin" at "2026-06-07T21:35:51.66893Z"

COMMAND LINE ARGUMENTS:
/Applications/Unity/Hub/Editor/6000.3.8f1/Unity.app/Contents/MacOS/Unity
-adb2
-batchMode
-noUpm
-name
AssetImportWorker1
-projectPath
/Users/muhammadmomin/Documents/Folders/Development/TopDownMeleeAttackGit/TopDownMeleeAttack/TopDownMeleeAttackProject
-logFile
Logs/AssetImportWorker1.log
-srvPort
50892
-licensingIpc
LicenseClient-muhammadmomin
-job-worker-count
4
-background-job-worker-count
8
-gc-helper-count
1
-name AssetImport
Successfully changed project path to: /Users/muhammadmomin/Documents/Folders/Development/TopDownMeleeAttackGit/TopDownMeleeAttack/TopDownMeleeAttackProject
/Users/muhammadmomin/Documents/Folders/Development/TopDownMeleeAttackGit/TopDownMeleeAttack/TopDownMeleeAttackProject
[UnityMemory] Configuration Parameters - Can be set up in boot.config
    "memorysetup-allocator-temp-initial-block-size-main=262144"
    "memorysetup-allocator-temp-initial-block-size-worker=262144"
    "memorysetup-temp-allocator-size-background-worker=32768"
    "memorysetup-temp-allocator-size-job-worker=262144"
    "memorysetup-temp-allocator-size-preload-manager=33554432"
    "memorysetup-temp-allocator-size-nav-mesh-worker=65536"
    "memorysetup-temp-allocator-size-audio-worker=65536"
    "memorysetup-temp-allocator-size-cloud-worker=32768"
    "memorysetup-bucket-allocator-granularity=16"
    "memorysetup-bucket-allocator-bucket-count=8"
    "memorysetup-bucket-allocator-block-size=33554432"
    "memorysetup-bucket-allocator-block-count=8"
    "memorysetup-main-allocator-block-size=16777216"
    "memorysetup-thread-allocator-block-size=16777216"
    "memorysetup-gfx-main-allocator-block-size=16777216"
    "memorysetup-gfx-thread-allocator-block-size=16777216"
    "memorysetup-cache-allocator-block-size=4194304"
    "memorysetup-typetree-allocator-block-size=2097152"
    "memorysetup-profiler-bucket-allocator-granularity=16"
    "memorysetup-profiler-bucket-allocator-bucket-count=8"
    "memorysetup-profiler-bucket-allocator-block-size=33554432"
    "memorysetup-profiler-bucket-allocator-block-count=8"
    "memorysetup-profiler-allocator-block-size=16777216"
    "memorysetup-profiler-editor-allocator-block-size=1048576"
    "memorysetup-temp-allocator-size-main=16777216"
    "memorysetup-job-temp-allocator-block-size=2097152"
    "memorysetup-job-temp-allocator-block-size-background=1048576"
    "memorysetup-job-temp-allocator-reduction-small-platforms=262144"
    "memorysetup-temp-allocator-size-gi-baking-worker=262144"
    "memorysetup-temp-allocator-size-gi-baking-worker=262144"
    "memorysetup-temp-allocator-size-gi-baking-worker=262144"
    "memorysetup-temp-allocator-size-gi-baking-worker=262144"
    "memorysetup-temp-allocator-size-gi-baking-worker=262144"
    "memorysetup-temp-allocator-size-gfx=262144"
Player connection [8500762816]  Target information:

Player connection [8500762816]  * "[IP] 192.168.100.21 [Port] 0 [Flags] 2 [Guid] 1471402062 [EditorId] 1471402062 [Version] 1048832 [Id] OSXEditor(0,Momin-Mac.local) [Debug] 1 [PackageName] OSXEditor [ProjectName] Editor" 

Player connection [8500762816]  * "[IP] 169.254.202.110 [Port] 0 [Flags] 2 [Guid] 1471402062 [EditorId] 1471402062 [Version] 1048832 [Id] OSXEditor(0,Momin-Mac.local) [Debug] 1 [PackageName] OSXEditor [ProjectName] Editor" 

Player connection [8500762816] Host joined multi-casting on [225.0.0.222:54997]...
Player connection [8500762816] Host joined alternative multi-casting on [225.0.0.222:34997]...
JobSystem: Creating JobQueue using job-worker-count value 4
Input System module state changed to: Initialized.
[Physics::Module] Initialized fallback backend.
[Physics::Module] Id: 0xdecafbad
Library Redirect Path: Library/
[Physics::Module] Selected backend.
[Physics::Module] Name: PhysX
[Physics::Module] Id: 0xf2b8ea05
[Physics::Module] SDK Version: 4.1.2
[Physics::Module] Integration Version: 1.0.0
[Physics::Module] Threading Mode: Multi-Threaded
Refreshing native plugins compatible for Editor in 2.53 ms, found 1 plugins.
Preloading 0 native plugins for Editor in 0.00 ms.
Initialize engine version: 6000.3.8f1 (1c7db571dde0)
[Subsystems] Discovering subsystems at path /Applications/Unity/Hub/Editor/6000.3.8f1/Unity.app/Contents/Resources/UnitySubsystems
[Subsystems] Discovering subsystems at path /Users/muhammadmomin/Documents/Folders/Development/TopDownMeleeAttackGit/TopDownMeleeAttack/TopDownMeleeAttackProject/Assets
GfxDevice: creating device client; kGfxThreadingModeNonThreaded
 preferred device: Apple M1 Pro (high power)
Metal devices available: 1
0: Apple M1 Pro (high power)
Using device Apple M1 Pro (high power)
Initializing Metal device caps: Apple M1 Pro
Mac GPU Family: 2
Apple GPU Family: 7
MSL Version: 3.0
Has Float MSAA: 1
Has Float Filtering: 1
ReadWrite Texture Tier: 2
[Licensing::Client] Handshaking with LicensingClient:
  Version:                 1.17.4+4293ba1
  Session Id:              85a5582971124bcf9ec0db7e0428cd68
  Correlation Id:          4eea7bd765edafce47b293d3646e1834
  External correlation Id: 5216240122627546926
  Machine Id:              DXQ+8JsKJIIBMGMILA4OUSOJ8o4=
[Licensing::Module] Successfully connected to LicensingClient on channel: "LicenseClient-muhammadmomin" (connect: 0.00s, validation: 0.00s, handshake: 0.73s)
[Licensing::IpcConnector] Successfully connected to: "LicenseClient-muhammadmomin-notifications" at "2026-06-07T21:35:52.400946Z"
[Licensing::Module] Licensing Background thread has ended after 0.73s
Initialize mono
Mono path[0] = '/Applications/Unity/Hub/Editor/6000.3.8f1/Unity.app/Contents/Resources/Scripting/Managed'
Mono path[1] = '/Applications/Unity/Hub/Editor/6000.3.8f1/Unity.app/Contents/Resources/Scripting/MonoBleedingEdge/lib/mono/unityjit-macos'
Mono config path = '/Applications/Unity/Hub/Editor/6000.3.8f1/Unity.app/Contents/Resources/Scripting/MonoBleedingEdge/etc'
Using monoOptions --debugger-agent=transport=dt_socket,embedding=1,server=y,suspend=n,address=127.0.0.1:56645
Begin MonoManager ReloadAssembly
Registering precompiled unity dll's ...
Register platform support module: /Applications/Unity/Hub/Editor/6000.3.8f1/Unity.app/Contents/PlaybackEngines/MacStandaloneSupport/UnityEditor.OSXStandalone.Extensions.dll
Registered in 0.000298 seconds.
- Loaded All Assemblies, in  0.321 seconds
Native extension for OSXStandalone target not found
ScheduleIndexationOnStartup MainProcess:False IndexOnStartup:True
Mono: successfully reloaded assembly
- Finished resetting the current domain, in  0.331 seconds
Domain Reload Profiling: 651ms
	BeginReloadAssembly (124ms)
		ExecutionOrderSort (0ms)
		DisableScriptedObjects (0ms)
		BackupInstance (0ms)
		ReleaseScriptingObjects (0ms)
		CreateAndSetChildDomain (0ms)
	RebuildCommonClasses (28ms)
	RebuildNativeTypeToScriptingClass (11ms)
	initialDomainReloadingComplete (29ms)
	LoadAllAssembliesAndSetupDomain (128ms)
		LoadAssemblies (124ms)
		RebuildTransferFunctionScriptingTraits (0ms)
		AnalyzeDomain (125ms)
			TypeCache.Refresh (124ms)
				TypeCache.ScanAssembly (111ms)
			BuildScriptInfoCaches (0ms)
			ResolveRequiredComponents (0ms)
	FinalizeReload (331ms)
		ReleaseScriptCaches (0ms)
		RebuildScriptCaches (0ms)
		SetupLoadedEditorAssemblies (298ms)
			LogAssemblyErrors (0ms)
			InitializePlatformSupportModulesInManaged (31ms)
			SetLoadedEditorAssemblies (3ms)
			BeforeProcessingInitializeOnLoad (79ms)
			ProcessInitializeOnLoadAttributes (128ms)
			ProcessInitializeOnLoadMethodAttributes (57ms)
			AfterProcessingInitializeOnLoad (0ms)
			EditorAssembliesLoaded (0ms)
		ExecutionOrderSort2 (0ms)
		AwakeInstancesAfterBackupRestoration (0ms)
[CoreBusinessMetrics] Unexpected thread when updating session info.
========================================================================
Worker process is ready to serve import requests
Import Worker Mode flag is 0x00
Begin MonoManager ReloadAssembly
[Licensing::Client] Successfully resolved entitlement details
[Licensing::Module] License group:
  Id: 18968333020800-playdew-UnitXXXX
  Product: Unity Pro
  Type: Assigned
  Expiration: 2026-09-30T00:00:00Z
- Loaded All Assemblies, in  0.433 seconds
Refreshing native plugins compatible for Editor in 0.20 ms, found 1 plugins.
Native extension for OSXStandalone target not found
Package Manager log level set to [2]
[Package Manager] Failed to launch server process. Reason: Unity was launched with the -noUpm command-line argument
[Package Manager] Unable to send message (not connected to server process).
[Package Manager] Cannot connect to Unity Package Manager local server
ScheduleIndexationOnStartup MainProcess:False IndexOnStartup:True
Mono: successfully reloaded assembly
- Finished resetting the current domain, in  0.480 seconds
Domain Reload Profiling: 913ms
	BeginReloadAssembly (97ms)
		ExecutionOrderSort (0ms)
		DisableScriptedObjects (4ms)
		BackupInstance (0ms)
		ReleaseScriptingObjects (0ms)
		CreateAndSetChildDomain (17ms)
	RebuildCommonClasses (27ms)
	RebuildNativeTypeToScriptingClass (11ms)
	initialDomainReloadingComplete (21ms)
	LoadAllAssembliesAndSetupDomain (276ms)
		LoadAssemblies (187ms)
		RebuildTransferFunctionScriptingTraits (0ms)
		AnalyzeDomain (137ms)
			TypeCache.Refresh (102ms)
				TypeCache.ScanAssembly (91ms)
			BuildScriptInfoCaches (29ms)
			ResolveRequiredComponents (3ms)
	FinalizeReload (480ms)
		ReleaseScriptCaches (0ms)
		RebuildScriptCaches (0ms)
		SetupLoadedEditorAssemblies (400ms)
			LogAssemblyErrors (0ms)
			InitializePlatformSupportModulesInManaged (2ms)
			SetLoadedEditorAssemblies (2ms)
			BeforeProcessingInitializeOnLoad (119ms)
			ProcessInitializeOnLoadAttributes (249ms)
			ProcessInitializeOnLoadMethodAttributes (28ms)
			AfterProcessingInitializeOnLoad (1ms)
			EditorAssembliesLoaded (0ms)
		ExecutionOrderSort2 (0ms)
		AwakeInstancesAfterBackupRestoration (2ms)
Launching external process: /Applications/Unity/Hub/Editor/6000.3.8f1/Unity.app/Contents/Helpers/UnityShaderCompiler
Launched and connected shader compiler UnityShaderCompiler after 0.04 seconds
Refreshing native plugins compatible for Editor in 0.33 ms, found 1 plugins.
Preloading 0 native plugins for Editor in 0.00 ms.
Unloading 0 Unused Serialized files (Serialized files now loaded: 0)
Unloading 3487 unused Assets / (0.9 MB). Loaded Objects now: 4071.
Memory consumption went from 84.8 MB to 83.9 MB.
Total: 5.300750 ms (FindLiveObjects: 0.183417 ms CreateObjectMapping: 0.087375 ms MarkObjects: 4.391875 ms  DeleteObjects: 0.637792 ms)

========================================================================
Received Import Request.
  Time since last request: 527560.879875 seconds.
  path: Assets/ArtAssets/sfx/demonHit1.wav
  artifactKey: Guid(e3feadb83b420426f9ae4bdf817a59c4) Importer(2089858483,b0f066a214c2f5e87bad3c948f4d605d)
Start importing Assets/ArtAssets/sfx/demonHit1.wav using Guid(e3feadb83b420426f9ae4bdf817a59c4) Importer(2089858483,b0f066a214c2f5e87bad3c948f4d605d) (ScriptedImporter) -> (artifact id: '7600581f449d7cb019c4d7f633ae54a7') in 0.05857375 seconds
Number of updated asset objects reloaded before import = 0Number of asset objects unloaded after import = 1

========================================================================
Received Import Request.
  Time since last request: 0.000043 seconds.
  path: Assets/ArtAssets/sfx/roarSmall.wav
  artifactKey: Guid(636cc071a349245b0bab2780b101c608) Importer(2089858483,b0f066a214c2f5e87bad3c948f4d605d)
Start importing Assets/ArtAssets/sfx/roarSmall.wav using Guid(636cc071a349245b0bab2780b101c608) Importer(2089858483,b0f066a214c2f5e87bad3c948f4d605d) (ScriptedImporter) -> (artifact id: 'd28c0363a53b7b9362e2d8810d5f14be') in 0.014699333 seconds
Number of updated asset objects reloaded before import = 0Number of asset objects unloaded after import = 1

========================================================================
Received Import Request.
  Time since last request: 0.000083 seconds.
  path: Assets/ArtAssets/sfx/roar.mp3
  artifactKey: Guid(b200757bc8f8c4ade8bc0e3d5deb4dff) Importer(2089858483,b0f066a214c2f5e87bad3c948f4d605d)
Start importing Assets/ArtAssets/sfx/roar.mp3 using Guid(b200757bc8f8c4ade8bc0e3d5deb4dff) Importer(2089858483,b0f066a214c2f5e87bad3c948f4d605d) (ScriptedImporter) -> (artifact id: '8a58fd1db7ab53756fd6ef6f4a2854de') in 0.008580709 seconds
Number of updated asset objects reloaded before import = 0Number of asset objects unloaded after import = 1

========================================================================
Received Import Request.
  Time since last request: 0.000063 seconds.
  path: Assets/ArtAssets/sfx/smashImpact.wav
  artifactKey: Guid(c955b3f4a0afc4b8ebdd489d5b03ab4a) Importer(2089858483,b0f066a214c2f5e87bad3c948f4d605d)
Start importing Assets/ArtAssets/sfx/smashImpact.wav using Guid(c955b3f4a0afc4b8ebdd489d5b03ab4a) Importer(2089858483,b0f066a214c2f5e87bad3c948f4d605d) (ScriptedImporter) -> (artifact id: 'c0c6f8a22e360c3f444c55415a9abb50') in 0.008758625 seconds
Number of updated asset objects reloaded before import = 0Number of asset objects unloaded after import = 1

========================================================================
Received Import Request.
  Time since last request: 0.000059 seconds.
  path: Assets/ArtAssets/sfx/buttonPress.wav
  artifactKey: Guid(84d5aba137fcf48e796580730e9f100b) Importer(2089858483,b0f066a214c2f5e87bad3c948f4d605d)
Start importing Assets/ArtAssets/sfx/buttonPress.wav using Guid(84d5aba137fcf48e796580730e9f100b) Importer(2089858483,b0f066a214c2f5e87bad3c948f4d605d) (ScriptedImporter) -> (artifact id: 'b819f17660f67f03353351992875d7e7') in 0.007570209 seconds
Number of updated asset objects reloaded before import = 0Number of asset objects unloaded after import = 1

========================================================================
Received Import Request.
  Time since last request: 0.000091 seconds.
  path: Assets/ArtAssets/enemy2/demon_imp.tga
  artifactKey: Guid(318b9826d25564496a1c59686a0cb480) Importer(2089858483,b0f066a214c2f5e87bad3c948f4d605d)
Start importing Assets/ArtAssets/enemy2/demon_imp.tga using Guid(318b9826d25564496a1c59686a0cb480) Importer(2089858483,b0f066a214c2f5e87bad3c948f4d605d) (ScriptedImporter) -> (artifact id: '49310b1b83b9611945f073e0a7f90791') in 0.026659667 seconds
Number of updated asset objects reloaded before import = 0Number of asset objects unloaded after import = 1

========================================================================
Received Import Request.
  Time since last request: 0.000118 seconds.
  path: Assets/ArtAssets/arena model/level.FBX
  artifactKey: Guid(878842786884c4124bcacd3a0167df1d) Importer(2089858483,b0f066a214c2f5e87bad3c948f4d605d)
Start importing Assets/ArtAssets/arena model/level.FBX using Guid(878842786884c4124bcacd3a0167df1d) Importer(2089858483,b0f066a214c2f5e87bad3c948f4d605d) (ScriptedImporter) -> (artifact id: 'a09c1af554977f9a4711e7c60bfe21d6') in 0.041656291 seconds
Number of updated asset objects reloaded before import = 0Number of asset objects unloaded after import = 9

========================================================================
Received Import Request.
  Time since last request: 0.000041 seconds.
  path: Assets/ArtAssets/sfx/demonHit2.wav
  artifactKey: Guid(a432233a42cc449bba9479fc02343f09) Importer(2089858483,b0f066a214c2f5e87bad3c948f4d605d)
Start importing Assets/ArtAssets/sfx/demonHit2.wav using Guid(a432233a42cc449bba9479fc02343f09) Importer(2089858483,b0f066a214c2f5e87bad3c948f4d605d) (ScriptedImporter) -> (artifact id: '95be93a31c9e582c8ccedc52a85f9fed') in 0.008674042 seconds
Number of updated asset objects reloaded before import = 0Number of asset objects unloaded after import = 1

========================================================================
Received Import Request.
  Time since last request: 0.000062 seconds.
  path: Assets/ArtAssets/sfx/demonStart2.wav
  artifactKey: Guid(fb8df0be32cfd486487ca368f1929316) Importer(2089858483,b0f066a214c2f5e87bad3c948f4d605d)
Start importing Assets/ArtAssets/sfx/demonStart2.wav using Guid(fb8df0be32cfd486487ca368f1929316) Importer(2089858483,b0f066a214c2f5e87bad3c948f4d605d) (ScriptedImporter) -> (artifact id: '3cf0d2b59beaef9495e69f3cf5985b64') in 0.00850575 seconds
Number of updated asset objects reloaded before import = 0Number of asset objects unloaded after import = 1

========================================================================
Received Import Request.
  Time since last request: 0.000098 seconds.
  path: Assets/ArtAssets/sfx/impDeath2.wav
  artifactKey: Guid(bb02e8e9bfe394857a04b1e2b0f4502e) Importer(2089858483,b0f066a214c2f5e87bad3c948f4d605d)
Start importing Assets/ArtAssets/sfx/impDeath2.wav using Guid(bb02e8e9bfe394857a04b1e2b0f4502e) Importer(2089858483,b0f066a214c2f5e87bad3c948f4d605d) (ScriptedImporter) -> (artifact id: '2548f1edbc85c2e22833ccbf7cb9b93a') in 0.014115959 seconds
Number of updated asset objects reloaded before import = 0Number of asset objects unloaded after import = 1

========================================================================
Received Import Request.
  Time since last request: 0.000051 seconds.
  path: Assets/Scripts/GameplayManager.cs
  artifactKey: Guid(f5f592b383faa4d3f8a490ce80fd1371) Importer(2089858483,b0f066a214c2f5e87bad3c948f4d605d)
Start importing Assets/Scripts/GameplayManager.cs using Guid(f5f592b383faa4d3f8a490ce80fd1371) Importer(2089858483,b0f066a214c2f5e87bad3c948f4d605d) (ScriptedImporter) -> (artifact id: '7e06857939f2ae84ef4f728c07579507') in 0.0016195 seconds
Number of updated asset objects reloaded before import = 0Number of asset objects unloaded after import = 0

========================================================================
Received Import Request.
  Time since last request: 0.000066 seconds.
  path: Assets/ArtAssets/bg1.mp3
  artifactKey: Guid(953488bae75d646ca8cc11b422dd326f) Importer(2089858483,b0f066a214c2f5e87bad3c948f4d605d)
Start importing Assets/ArtAssets/bg1.mp3 using Guid(953488bae75d646ca8cc11b422dd326f) Importer(2089858483,b0f066a214c2f5e87bad3c948f4d605d) (ScriptedImporter) -> (artifact id: '06d93d74f452c01b646f3f8f498cfaaf') in 0.007778875 seconds
Number of updated asset objects reloaded before import = 0Number of asset objects unloaded after import = 1

========================================================================
Received Import Request.
  Time since last request: 0.000056 seconds.
  path: Assets/ArtAssets/sfx/demonKill1.wav
  artifactKey: Guid(b03a56aaca780474faefb048ef23ee43) Importer(2089858483,b0f066a214c2f5e87bad3c948f4d605d)
Start importing Assets/ArtAssets/sfx/demonKill1.wav using Guid(b03a56aaca780474faefb048ef23ee43) Importer(2089858483,b0f066a214c2f5e87bad3c948f4d605d) (ScriptedImporter) -> (artifact id: '7e5e5ad65908b1b76ce853daf5048516') in 0.008273667 seconds
Number of updated asset objects reloaded before import = 0Number of asset objects unloaded after import = 1

========================================================================
Received Import Request.
  Time since last request: 0.000117 seconds.
  path: Assets/ArtAssets/sfx/demonRandom1.wav
  artifactKey: Guid(05262769249714c53a8a6ce360698f45) Importer(2089858483,b0f066a214c2f5e87bad3c948f4d605d)
Start importing Assets/ArtAssets/sfx/demonRandom1.wav using Guid(05262769249714c53a8a6ce360698f45) Importer(2089858483,b0f066a214c2f5e87bad3c948f4d605d) (ScriptedImporter) -> (artifact id: '25bebf02cc1f95b58f1004fc790dcdf0') in 0.008249667 seconds
Number of updated asset objects reloaded before import = 0Number of asset objects unloaded after import = 1

========================================================================
Received Import Request.
  Time since last request: 0.000084 seconds.
  path: Assets/ArtAssets/enemy1/Demon_bomb_allinone.fbx
  artifactKey: Guid(a33c016c388ff4707bf447adb8974f32) Importer(2089858483,b0f066a214c2f5e87bad3c948f4d605d)
Start importing Assets/ArtAssets/enemy1/Demon_bomb_allinone.fbx using Guid(a33c016c388ff4707bf447adb8974f32) Importer(2089858483,b0f066a214c2f5e87bad3c948f4d605d) (ScriptedImporter) -> (artifact id: '11c52a6c2d5eb104c79654ba3ee2b1dd') in 0.00801875 seconds
Number of updated asset objects reloaded before import = 0Number of asset objects unloaded after import = 119

========================================================================
Received Import Request.
  Time since last request: 0.000062 seconds.
  path: Assets/Scripts/InputManager.cs
  artifactKey: Guid(32b1b48397c5d44f3a59a0153705be93) Importer(2089858483,b0f066a214c2f5e87bad3c948f4d605d)
Start importing Assets/Scripts/InputManager.cs using Guid(32b1b48397c5d44f3a59a0153705be93) Importer(2089858483,b0f066a214c2f5e87bad3c948f4d605d) (ScriptedImporter) -> (artifact id: 'e37fadb77f5539978adff89eec9fe07d') in 0.001112417 seconds
Number of updated asset objects reloaded before import = 0Number of asset objects unloaded after import = 0

========================================================================
Received Import Request.
  Time since last request: 0.000062 seconds.
  path: Assets/Scenes/GamePlay/ReflectionProbe-0.exr
  artifactKey: Guid(e45974ef8263e4d73a923ff98d8d521c) Importer(2089858483,b0f066a214c2f5e87bad3c948f4d605d)
Start importing Assets/Scenes/GamePlay/ReflectionProbe-0.exr using Guid(e45974ef8263e4d73a923ff98d8d521c) Importer(2089858483,b0f066a214c2f5e87bad3c948f4d605d) (ScriptedImporter) -> (artifact id: 'c5e5f4b1b05c959bcd64acc60d948978') in 0.004566833 seconds
Number of updated asset objects reloaded before import = 0Number of asset objects unloaded after import = 1

========================================================================
Received Import Request.
  Time since last request: 0.000110 seconds.
  path: Assets/ArtAssets/sfx/fastAttack2.wav
  artifactKey: Guid(7de9822d7283b483488deff806eeba77) Importer(2089858483,b0f066a214c2f5e87bad3c948f4d605d)
Start importing Assets/ArtAssets/sfx/fastAttack2.wav using Guid(7de9822d7283b483488deff806eeba77) Importer(2089858483,b0f066a214c2f5e87bad3c948f4d605d) (ScriptedImporter) -> (artifact id: 'fd36b1f08dfd019b0856255d01afb1b6') in 0.008241 seconds
Number of updated asset objects reloaded before import = 0Number of asset objects unloaded after import = 1

========================================================================
Received Import Request.
  Time since last request: 0.000076 seconds.
  path: Assets/ArtAssets/sfx/impDeath1.wav
  artifactKey: Guid(3cb8b54c9e4a246b18ca9c83b97bce15) Importer(2089858483,b0f066a214c2f5e87bad3c948f4d605d)
Start importing Assets/ArtAssets/sfx/impDeath1.wav using Guid(3cb8b54c9e4a246b18ca9c83b97bce15) Importer(2089858483,b0f066a214c2f5e87bad3c948f4d605d) (ScriptedImporter) -> (artifact id: '62363ac0fe2be2a3297eeee556a54da1') in 0.0143055 seconds
Number of updated asset objects reloaded before import = 0Number of asset objects unloaded after import = 1

========================================================================
Received Import Request.
  Time since last request: 0.000086 seconds.
  path: Assets/ArtAssets/sfx/cast1.wav
  artifactKey: Guid(6e8e70bf6afc443bb940926ab7fdf113) Importer(2089858483,b0f066a214c2f5e87bad3c948f4d605d)
Start importing Assets/ArtAssets/sfx/cast1.wav using Guid(6e8e70bf6afc443bb940926ab7fdf113) Importer(2089858483,b0f066a214c2f5e87bad3c948f4d605d) (ScriptedImporter) -> (artifact id: '3af5a088da2d6714d7f10767e8c3030d') in 0.013564375 seconds
Number of updated asset objects reloaded before import = 0Number of asset objects unloaded after import = 1

========================================================================
Received Import Request.
  Time since last request: 0.000102 seconds.
  path: Assets/ArtAssets/Thumbs.db
  artifactKey: Guid(9b2af5654ed4446b09e607e60ceca6bc) Importer(2089858483,b0f066a214c2f5e87bad3c948f4d605d)
Start importing Assets/ArtAssets/Thumbs.db using Guid(9b2af5654ed4446b09e607e60ceca6bc) Importer(2089858483,b0f066a214c2f5e87bad3c948f4d605d) (ScriptedImporter) -> (artifact id: '58de3e239e7b8f32966781c570d0f8bd') in 0.001281875 seconds
Number of updated asset objects reloaded before import = 0Number of asset objects unloaded after import = 1

========================================================================
Received Import Request.
  Time since last request: 0.000055 seconds.
  path: Assets/ArtAssets/sfx/demonDeath.wav
  artifactKey: Guid(8bb91eb23a3a64d34a7eef57a3ca4baa) Importer(2089858483,b0f066a214c2f5e87bad3c948f4d605d)
Start importing Assets/ArtAssets/sfx/demonDeath.wav using Guid(8bb91eb23a3a64d34a7eef57a3ca4baa) Importer(2089858483,b0f066a214c2f5e87bad3c948f4d605d) (ScriptedImporter) -> (artifact id: 'fd9ab33a3effffbf08ae1c214fd8b7a1') in 0.009395083 seconds
Number of updated asset objects reloaded before import = 0Number of asset objects unloaded after import = 1

========================================================================
Received Import Request.
  Time since last request: 0.000065 seconds.
  path: Assets/ArtAssets/sfx/demonDie.wav
  artifactKey: Guid(4fca778a9b5cf4872bad0027749fd97b) Importer(2089858483,b0f066a214c2f5e87bad3c948f4d605d)
Start importing Assets/ArtAssets/sfx/demonDie.wav using Guid(4fca778a9b5cf4872bad0027749fd97b) Importer(2089858483,b0f066a214c2f5e87bad3c948f4d605d) (ScriptedImporter) -> (artifact id: '81b122b7fc079da0e516631837ae19af') in 0.013886375 seconds
Number of updated asset objects reloaded before import = 0Number of asset objects unloaded after import = 1

========================================================================
Received Import Request.
  Time since last request: 0.000099 seconds.
  path: Assets/ArtAssets/sfx/smashGround.mp3
  artifactKey: Guid(f318e5d4b89714b30abec83fe28f4a75) Importer(2089858483,b0f066a214c2f5e87bad3c948f4d605d)
Start importing Assets/ArtAssets/sfx/smashGround.mp3 using Guid(f318e5d4b89714b30abec83fe28f4a75) Importer(2089858483,b0f066a214c2f5e87bad3c948f4d605d) (ScriptedImporter) -> (artifact id: 'a19822b335ee520a2650696c560bf100') in 0.014407 seconds
Number of updated asset objects reloaded before import = 0Number of asset objects unloaded after import = 1

========================================================================
Received Import Request.
  Time since last request: 0.000062 seconds.
  path: Assets/ArtAssets/sfx/demonSmash2.wav
  artifactKey: Guid(4317df64f01be40269f9c567d36d5013) Importer(2089858483,b0f066a214c2f5e87bad3c948f4d605d)
Start importing Assets/ArtAssets/sfx/demonSmash2.wav using Guid(4317df64f01be40269f9c567d36d5013) Importer(2089858483,b0f066a214c2f5e87bad3c948f4d605d) (ScriptedImporter) -> (artifact id: 'c98b442c38faad9c99a033a23611cb3e') in 0.008065833 seconds
Number of updated asset objects reloaded before import = 0Number of asset objects unloaded after import = 1

========================================================================
Received Import Request.
  Time since last request: 0.000116 seconds.
  path: Assets/Scripts/Health.cs
  artifactKey: Guid(3e78c17c2c32a4bd78a48263964a9c11) Importer(2089858483,b0f066a214c2f5e87bad3c948f4d605d)
Start importing Assets/Scripts/Health.cs using Guid(3e78c17c2c32a4bd78a48263964a9c11) Importer(2089858483,b0f066a214c2f5e87bad3c948f4d605d) (ScriptedImporter) -> (artifact id: 'b145a53e55bf1184a8c41843c3dd9174') in 0.001402833 seconds
Number of updated asset objects reloaded before import = 0Number of asset objects unloaded after import = 0

========================================================================
Received Import Request.
  Time since last request: 0.000109 seconds.
  path: Assets/Scenes/GamePlay.unity
  artifactKey: Guid(7ed0892bbeefa45159458dcbf3160cd9) Importer(2089858483,b0f066a214c2f5e87bad3c948f4d605d)
Start importing Assets/Scenes/GamePlay.unity using Guid(7ed0892bbeefa45159458dcbf3160cd9) Importer(2089858483,b0f066a214c2f5e87bad3c948f4d605d) (ScriptedImporter) -> (artifact id: '10b5b9da0f723de904b1ed558b5dc56f') in 0.002069875 seconds
Number of updated asset objects reloaded before import = 0Number of asset objects unloaded after import = 1

========================================================================
Received Import Request.
  Time since last request: 0.000160 seconds.
  path: Assets/ArtAssets/sfx/swipe.wav
  artifactKey: Guid(a78169a7df6204b79b7a85459f452fd7) Importer(2089858483,b0f066a214c2f5e87bad3c948f4d605d)
Start importing Assets/ArtAssets/sfx/swipe.wav using Guid(a78169a7df6204b79b7a85459f452fd7) Importer(2089858483,b0f066a214c2f5e87bad3c948f4d605d) (ScriptedImporter) -> (artifact id: '3cb7cbc802a325ac18239e7696e0fe59') in 0.007982084 seconds
Number of updated asset objects reloaded before import = 0Number of asset objects unloaded after import = 1

========================================================================
Received Import Request.
  Time since last request: 0.000124 seconds.
  path: Assets/ArtAssets/sfx/fireSpawn1.wav
  artifactKey: Guid(844000cf968524e83833edd113b81dd6) Importer(2089858483,b0f066a214c2f5e87bad3c948f4d605d)
Start importing Assets/ArtAssets/sfx/fireSpawn1.wav using Guid(844000cf968524e83833edd113b81dd6) Importer(2089858483,b0f066a214c2f5e87bad3c948f4d605d) (ScriptedImporter) -> (artifact id: '5d4740e79b2b6a42ca3ac2f394a0718d') in 0.008001709 seconds
Number of updated asset objects reloaded before import = 0Number of asset objects unloaded after import = 1

========================================================================
Received Import Request.
  Time since last request: 0.000099 seconds.
  path: Assets/ArtAssets/sfx/fireballTravel.wav
  artifactKey: Guid(ddcdcb03e17884cf08b899d5cc55df90) Importer(2089858483,b0f066a214c2f5e87bad3c948f4d605d)
Start importing Assets/ArtAssets/sfx/fireballTravel.wav using Guid(ddcdcb03e17884cf08b899d5cc55df90) Importer(2089858483,b0f066a214c2f5e87bad3c948f4d605d) (ScriptedImporter) -> (artifact id: '8ca4d194120df682e35b5e9fb921c1d1') in 0.007979208 seconds
Number of updated asset objects reloaded before import = 0Number of asset objects unloaded after import = 1

========================================================================
Received Import Request.
  Time since last request: 0.000076 seconds.
  path: Assets/ArtAssets/enemy2/imp_all_in_one.fbx
  artifactKey: Guid(c56099e27ed5547a69c403533b44b3af) Importer(2089858483,b0f066a214c2f5e87bad3c948f4d605d)
Start importing Assets/ArtAssets/enemy2/imp_all_in_one.fbx using Guid(c56099e27ed5547a69c403533b44b3af) Importer(2089858483,b0f066a214c2f5e87bad3c948f4d605d) (ScriptedImporter) -> (artifact id: '07fc98be3d93228142f0b10390201a8e') in 0.022429834 seconds
Number of updated asset objects reloaded before import = 0Number of asset objects unloaded after import = 129

========================================================================
Received Import Request.
  Time since last request: 0.000041 seconds.
  path: Assets/Materials/Ground.mat
  artifactKey: Guid(dcb458122d2ea4a989d561c3e8132e99) Importer(2089858483,b0f066a214c2f5e87bad3c948f4d605d)
Start importing Assets/Materials/Ground.mat using Guid(dcb458122d2ea4a989d561c3e8132e99) Importer(2089858483,b0f066a214c2f5e87bad3c948f4d605d) (ScriptedImporter) -> (artifact id: '52e93d4ef7afa2b7077c976103361e37') in 0.00339975 seconds
Number of updated asset objects reloaded before import = 0Number of asset objects unloaded after import = 2

========================================================================
Received Import Request.
  Time since last request: 0.000050 seconds.
  path: Assets/ArtAssets/sfx/bg2.mp3
  artifactKey: Guid(f189840d06d8f47b991c3fc8f823edde) Importer(2089858483,b0f066a214c2f5e87bad3c948f4d605d)
Start importing Assets/ArtAssets/sfx/bg2.mp3 using Guid(f189840d06d8f47b991c3fc8f823edde) Importer(2089858483,b0f066a214c2f5e87bad3c948f4d605d) (ScriptedImporter) -> (artifact id: 'e9ff43c2b585e830043f9c0da1839df4') in 0.008589834 seconds
Number of updated asset objects reloaded before import = 0Number of asset objects unloaded after import = 1

========================================================================
Received Import Request.
  Time since last request: 0.000180 seconds.
  path: Assets/ArtAssets/sfx/impAttack1.wav
  artifactKey: Guid(7078c3fd33ac74f77a9c5db320f4f30e) Importer(2089858483,b0f066a214c2f5e87bad3c948f4d605d)
Start importing Assets/ArtAssets/sfx/impAttack1.wav using Guid(7078c3fd33ac74f77a9c5db320f4f30e) Importer(2089858483,b0f066a214c2f5e87bad3c948f4d605d) (ScriptedImporter) -> (artifact id: '74bc7db40db04db54a99dd5ddda23250') in 0.008268417 seconds
Number of updated asset objects reloaded before import = 0Number of asset objects unloaded after import = 1

========================================================================
Received Import Request.
  Time since last request: 0.000160 seconds.
  path: Assets/Scripts/AnimationController.cs
  artifactKey: Guid(60fc73de8614747dc83b1cf23fa9e554) Importer(2089858483,b0f066a214c2f5e87bad3c948f4d605d)
Start importing Assets/Scripts/AnimationController.cs using Guid(60fc73de8614747dc83b1cf23fa9e554) Importer(2089858483,b0f066a214c2f5e87bad3c948f4d605d) (ScriptedImporter) -> (artifact id: 'bf09157d289419eeee4c478798d8931a') in 0.001462958 seconds
Number of updated asset objects reloaded before import = 0Number of asset objects unloaded after import = 0

========================================================================
Received Import Request.
  Time since last request: 0.000143 seconds.
  path: Assets/ArtAssets/sfx/demonSmash.wav
  artifactKey: Guid(10865153551cf4af68bfb4c4c3aab1c8) Importer(2089858483,b0f066a214c2f5e87bad3c948f4d605d)
Start importing Assets/ArtAssets/sfx/demonSmash.wav using Guid(10865153551cf4af68bfb4c4c3aab1c8) Importer(2089858483,b0f066a214c2f5e87bad3c948f4d605d) (ScriptedImporter) -> (artifact id: '0bfd5006804db8b45bef73243ca27560') in 0.008139791 seconds
Number of updated asset objects reloaded before import = 0Number of asset objects unloaded after import = 1

========================================================================
Received Import Request.
  Time since last request: 0.000117 seconds.
  path: Assets/ArtAssets/sfx/cast2.wav
  artifactKey: Guid(5e21904d869a74e2895356d4a903d2c9) Importer(2089858483,b0f066a214c2f5e87bad3c948f4d605d)
Start importing Assets/ArtAssets/sfx/cast2.wav using Guid(5e21904d869a74e2895356d4a903d2c9) Importer(2089858483,b0f066a214c2f5e87bad3c948f4d605d) (ScriptedImporter) -> (artifact id: '20aec5f0c959f8e9fc8424311a1226c6') in 0.007482958 seconds
Number of updated asset objects reloaded before import = 0Number of asset objects unloaded after import = 1

========================================================================
Received Import Request.
  Time since last request: 0.000121 seconds.
  path: Assets/Scenes/GamePlay/LightingData.asset
  artifactKey: Guid(23ad0cd2dbab041a9bb81a757982c8b6) Importer(2089858483,b0f066a214c2f5e87bad3c948f4d605d)
Start importing Assets/Scenes/GamePlay/LightingData.asset using Guid(23ad0cd2dbab041a9bb81a757982c8b6) Importer(2089858483,b0f066a214c2f5e87bad3c948f4d605d) (ScriptedImporter) -> (artifact id: '240e54b3621daaceea4c32b0697acd7d') in 0.002918709 seconds
Number of updated asset objects reloaded before import = 0Number of asset objects unloaded after import = 2

========================================================================
Received Import Request.
  Time since last request: 0.000109 seconds.
  path: Assets/ArtAssets/sfx/fastDeath1.wav
  artifactKey: Guid(42c51fc1bf19c44539d3cc9aa5609d77) Importer(2089858483,b0f066a214c2f5e87bad3c948f4d605d)
Start importing Assets/ArtAssets/sfx/fastDeath1.wav using Guid(42c51fc1bf19c44539d3cc9aa5609d77) Importer(2089858483,b0f066a214c2f5e87bad3c948f4d605d) (ScriptedImporter) -> (artifact id: '1bd2be0f542dac1bebed827ab2bbd8f3') in 0.007496458 seconds
Number of updated asset objects reloaded before import = 0Number of asset objects unloaded after import = 1

